C:\Users\Austin\make.exe all -f "C:\\Users\Austin\Documents\GitHub\InteractiveWoodCombustion\Makefile" --print-data-base --no-builtin-variables --no-builtin-rules --question
make: C:\\Users\Austin\Documents\GitHub\InteractiveWoodCombustion\Makefile: No such file or directory
make: *** No rule to make target 'C:\\Users\Austin\Documents\GitHub\InteractiveWoodCombustion\Makefile'.  Stop.
 
# GNU Make 4.2
This program is built by Equation Solution <http://www.Equation.com>.
# Copyright (C) 1988-2016 Free Software Foundation, Inc.
# License GPLv3+: GNU GPL version 3 or later <http://gnu.org/licenses/gpl.html>
# This is free software: you are free to change and redistribute it.
# There is NO WARRANTY, to the extent permitted by law.

# Make data base, printed on Wed Aug 04 16:31:09 2021

# Variables

# 'override' directive
GNUMAKEFLAGS := 
# automatic
<D = $(patsubst %/,%,$(patsubst %\,%,$(dir $<)))
# automatic
?F = $(notdir $?)
# default
.SHELLFLAGS := -c
# makefile
MAKEFLAGS = prR
# environment
VSCODE_LOG_NATIVE = false
# automatic
?D = $(patsubst %/,%,$(patsubst %\,%,$(dir $?)))
# automatic
@D = $(patsubst %/,%,$(patsubst %\,%,$(dir $@)))
# environment
HOMEDRIVE = C:
# automatic
@F = $(notdir $@)
# automatic
^D = $(patsubst %/,%,$(patsubst %\,%,$(dir $^)))
# makefile
CURDIR := c:/Users/Austin/Documents/GitHub/memewar2
# default
SHELL := sh.exe
# environment
WINDIR = C:\WINDOWS
# environment
VSCODE_NLS_CONFIG = {"locale":"en-us","availableLanguages":{},"_languagePackSupport":true}
# environment
ONEDRIVE = C:\Users\Austin\OneDrive
# environment
PATHEXT = .COM;.EXE;.BAT;.CMD;.VBS;.VBE;.JS;.JSE;.WSF;.WSH;.MSC;.PY;.PYW
# makefile
MAKEFILE_LIST := 
# environment
FPS_BROWSER_USER_PROFILE_STRING = Default
# environment
TMP = C:\Users\Austin\AppData\Local\Temp
# environment
VSCODE_VERBOSE_LOGGING = true
# environment
PROGRAMW6432 = C:\Program Files
# environment
PROGRAMDATA = C:\ProgramData
# environment
VSCODE_IPC_HOOK_EXTHOST = \\.\pipe\vscode-ipc-5fc35f47-bcbc-46b7-9156-31ce6c4ca3d7-sock
# environment
VSCODE_CWD = C:\Users\Austin\AppData\Local\Programs\Microsoft VS Code
# default
MAKE_HOST := x86_64-w64-mingw32
# environment
PATH = C:\Python39\Scripts\;C:\Python39\;C:\Program Files\Oculus\Support\oculus-runtime;C:\Program Files (x86)\Razer Chroma SDK\bin;C:\Program Files\Razer Chroma SDK\bin;C:\Windows\system32;C:\Windows;C:\Windows\System32\Wbem;C:\Windows\System32\WindowsPowerShell\v1.0\;C:\Windows\System32\OpenSSH\;C:\Users\Austin\AppData\Local\Microsoft\WindowsApps;C:\Program Files\nodejs\;C:\Program Files\Java\jre1.8.0_181\bin;C:\WINDOWS\system32;C:\WINDOWS;C:\WINDOWS\System32\Wbem;C:\WINDOWS\System32\WindowsPowerShell\v1.0\;C:\WINDOWS\System32\OpenSSH\;C:\Program Files\PuTTY\;C:\Program Files\ffmepg\bin\;C:\ProgamData\Anaconda3\Scripts;C:\Program Files\CMake\bin;C:\Users\Austin\make.exe;C:\ProgramData\chocolatey\bin;C:\Program Files\Git\cmd;C:\msys64\mingw64\bin;C:\Program Files (x86)\Microsoft Visual Studio\2019\BuildTools\VC\Tools\MSVC\14.25.28610\bin\Hostx64\x64;C:\Users\Austin\AppData\Local\emsdk;C:\Users\Austin\AppData\Local\emsdk\node\14.15.5_64bit\bin;C:\Users\Austin\AppData\Local\emsdk\upstream\emscripten;C:\Users\Austin\.cargo\bin;C:\Users\Austin\AppData\Local\Microsoft\WindowsApps;C:\Users\Austin\AppData\Roaming\npm;C:\Users\Austin\AppData\Local\GitHubDesktop\bin;C:\Program Files (x86)\Nmap;C:\Users\Austin\AppData\Local\Packages\PythonSoftwareFoundation.Python.3.8_qbz5n2kfra8p0\LocalCache\local-packages\Python38\Scripts;C:\Users\Austin\AppData\Roaming\Python\Python37\Scripts;;C:\Users\Austin\AppData\Local\Microsoft\WindowsApps;C:\Users\Austin\MacOS9\GTK\2.0\bin;C:\Users\Austin\AppData\Local\Programs\Microsoft VS Code\bin
# environment
COMMONPROGRAMW6432 = C:\Program Files\Common Files
# environment
CHOCOLATEYLASTPATHUPDATE = 132711265082970396
# environment
PROCESSOR_ARCHITECTURE = AMD64
# environment
USERPROFILE = C:\Users\Austin
# environment
CHOCOLATEYINSTALL = C:\ProgramData\chocolatey
# environment
ALLUSERSPROFILE = C:\ProgramData
# environment
EMSDK_NODE = C:\Users\Austin\AppData\Local\emsdk\node\14.15.5_64bit\bin\node.exe
# environment
VSCODE_LOG_STACK = false
# environment
NUMBER_OF_PROCESSORS = 4
# environment
ELECTRON_RUN_AS_NODE = 1
# default
.FEATURES := target-specific order-only second-expansion else-if shortest-stem undefine oneshell archives jobserver output-sync load
# environment
OCULUSBASE = C:\Program Files\Oculus\
# automatic
%F = $(notdir $%)
# automatic
*F = $(notdir $*)
# environment
CHROME_CRASHPAD_PIPE_NAME = \\.\pipe\crashpad_12204_TWCGMCMMLGRUQPQD
# environment
VSCODE_PIPE_LOGGING = true
# environment
COMPUTERNAME = THOR
# environment
PROGRAMFILES = C:\Program Files
# default
.LOADED := 
# environment
DRIVERDATA = C:\Windows\System32\Drivers\DriverData
# environment
ORIGINAL_XDG_CURRENT_DESKTOP = undefined
# environment
EMSDK_PYTHON = C:\Users\Austin\AppData\Local\emsdk\python\3.9.2-1_64bit\python.exe
# environment
USERNAME = Austin
# environment
PYTHON = C:\Python39
# environment
PUBLIC = C:\Users\Public
# environment
VSCODE_AMD_ENTRYPOINT = vs/workbench/services/extensions/node/extensionHostProcess
# environment
VSCODE_CODE_CACHE_PATH = C:\Users\Austin\AppData\Roaming\Code\CachedData\c3f126316369cd610563c75b1b1725e0679adfb3
# environment
APPLICATION_INSIGHTS_NO_DIAGNOSTIC_CHANNEL = true
# environment
COMMONPROGRAMFILES = C:\Program Files\Common Files
# environment
LOGONSERVER = \\THOR
# environment
VSCODE_HANDLES_UNCAUGHT_ERRORS = true
# environment
USERDOMAIN = THOR
# environment
MAKELEVEL := 0
# default
MAKE = $(MAKE_COMMAND)
# default
MAKECMDGOALS := all
# environment
JAVA_HOME = C:\Users\Austin\AppData\Local\emsdk\java\8.152_64bit
# default
MAKE_VERSION := 4.2
# makefile
.DEFAULT_GOAL := 
# environment
PROGRAMFILES(X86) = C:\Program Files (x86)
# automatic
%D = $(patsubst %/,%,$(patsubst %\,%,$(dir $%)))
# environment
LOCALAPPDATA = C:\Users\Austin\AppData\Local
# environment
PSMODULEPATH = C:\Program Files\WindowsPowerShell\Modules;C:\WINDOWS\system32\WindowsPowerShell\v1.0\Modules
# default
MAKE_COMMAND := C:/Users/Austin/make
# default
.VARIABLES := 
# environment
FPS_BROWSER_APP_PROFILE_STRING = Internet Explorer
# environment
PROCESSOR_IDENTIFIER = Intel64 Family 6 Model 58 Stepping 9, GenuineIntel
# environment
OS = Windows_NT
# environment
VSCODE_IPC_HOOK = \\.\pipe\2bcfdd174244ab3fef0956cf403e6ef5-1.58.2-main-sock
# environment
HOMEPATH = \Users\Austin
# environment
COMMONPROGRAMFILES(X86) = C:\Program Files (x86)\Common Files
# environment
PROMPT = $P$G
# environment
MFLAGS = -prR
# automatic
*D = $(patsubst %/,%,$(patsubst %\,%,$(dir $*)))
# environment
SYSTEMROOT = C:\WINDOWS
# automatic
+D = $(patsubst %/,%,$(patsubst %\,%,$(dir $+)))
# automatic
+F = $(notdir $+)
# environment
APPDATA = C:\Users\Austin\AppData\Roaming
# environment
TEMP = C:\Users\Austin\AppData\Local\Temp
# environment
COMSPEC = C:\WINDOWS\system32\cmd.exe
# default
MAKEFILES := 
# environment
EM_CONFIG = C:\Users\Austin\AppData\Local\emsdk\.emscripten
# environment
VSCODE_BROWSER_CODE_LOADING = bypassHeatCheck
# automatic
<F = $(notdir $<)
# environment
LC_ALL = C
# automatic
^F = $(notdir $^)
# default
SUFFIXES := 
# environment
SYSTEMDRIVE = C:
# environment
SESSIONNAME = Console
# environment
PROCESSOR_REVISION = 3a09
# default
.RECIPEPREFIX := 
# environment
LANG = C
# environment
PROCESSOR_LEVEL = 6
# environment
EMSDK = C:/Users/Austin/AppData/Local/emsdk
# environment
VSCODE_PID = 12204
# environment
USERDOMAIN_ROAMINGPROFILE = THOR
# variable set hash-table stats:
# Load=102/1024=10%, Rehash=0, Collisions=16/118=14%

# Pattern-specific Variable Values

# No pattern-specific variable values.

# Directories


# No files, no impossibilities in 0 directories.

# Implicit Rules

# No implicit rules.

# Files

# Not a target:
all:
#  Command line target.
#  Implicit rule search has not been done.
#  Modification time never checked.
#  File has not been updated.

# Not a target:
.DEFAULT:
#  Implicit rule search has not been done.
#  Modification time never checked.
#  File has not been updated.

# Not a target:
C:\\Users\Austin\Documents\GitHub\InteractiveWoodCombustion\Makefile:
#  Implicit rule search has been done.
#  File does not exist.
#  File has not been updated.

# files hash-table stats:
# Load=4/1024=0%, Rehash=0, Collisions=0/14=0%
# VPATH Search Paths

# No 'vpath' search paths.

# No general ('VPATH' variable) search path.

# strcache buffers: 1 (0) / strings = 4 / storage = 92 B / avg = 23 B
# current buf: size = 8162 B / used = 92 B / count = 4 / avg = 23 B

# strcache performance: lookups = 6 / hit rate = 33%
# hash-table stats:
# Load=4/8192=0%, Rehash=0, Collisions=0/6=0%
# Finished Make data base on Wed Aug 04 16:31:09 2021

 
